<?xml version="1.0" encoding="UTF-8"?>
<!-- Generated by org.testng.reporters.JUnitReportReporter -->
<testsuite hostname="Albaans-MacBook-Pro.local" failures="0" tests="1" name="test2.Login1" time="32.021" errors="0" timestamp="2021-03-15T21:26:02 CET" skipped="0">
  <testcase classname="test2.Login1" name="t_02_validate_login_zero_app" time="32.021"/>
  <system-out/>
</testsuite> <!-- test2.Login1 -->
